
> express-app@0.0.0 start
> node ./bin/www

[0mGET / [36m304 [0m192.685 ms - -[0m
[0mGET /assets/vendor/bootstrap/css/bootstrap.min.css [36m304 [0m3.429 ms - -[0m
[0mGET /assets/vendor/bootstrap-icons/bootstrap-icons.css [36m304 [0m1.979 ms - -[0m
[0mGET /assets/vendor/boxicons/css/boxicons.min.css [36m304 [0m1.534 ms - -[0m
[0mGET /assets/vendor/quill/quill.snow.css [36m304 [0m0.868 ms - -[0m
[0mGET /assets/vendor/quill/quill.bubble.css [36m304 [0m0.948 ms - -[0m
[0mGET /assets/vendor/remixicon/remixicon.css [36m304 [0m1.059 ms - -[0m
[0mGET /assets/vendor/simple-datatables/style.css [36m304 [0m0.741 ms - -[0m
[0mGET /assets/vendor/aos/aos.css [36m304 [0m0.629 ms - -[0m
[0mGET /assets/vendor/glightbox/css/glightbox.min.css [36m304 [0m1.124 ms - -[0m
[0mGET /assets/vendor/swiper/swiper-bundle.min.css [36m304 [0m0.708 ms - -[0m
[0mGET /assets/css/style.css [36m304 [0m0.717 ms - -[0m
[0mGET /assets/vendor/apexcharts/apexcharts.min.js [36m304 [0m0.312 ms - -[0m
[0mGET /assets/vendor/bootstrap/js/bootstrap.bundle.min.js [36m304 [0m0.382 ms - -[0m
[0mGET /assets/vendor/chart.js/chart.min.js [36m304 [0m0.321 ms - -[0m
[0mGET /assets/vendor/echarts/echarts.min.js [36m304 [0m0.383 ms - -[0m
[0mGET /assets/vendor/quill/quill.min.js [36m304 [0m0.394 ms - -[0m
[0mGET /assets/vendor/simple-datatables/simple-datatables.js [36m304 [0m0.450 ms - -[0m
[0mGET /assets/vendor/tinymce/tinymce.min.js [36m304 [0m0.369 ms - -[0m
[0mGET /assets/vendor/php-email-form/validate.js [36m304 [0m0.324 ms - -[0m
[0mGET /assets/js/main.js [36m304 [0m0.290 ms - -[0m
[0mGET /assets/img/enko-modern-logo.png [36m304 [0m0.323 ms - -[0m
[0mGET /assets/vendor/bootstrap-icons/fonts/bootstrap-icons.woff2?30af91bf14e37666a085fb8a161ff36d [36m304 [0m0.474 ms - -[0m
[0mGET /assets/img/favicon.ico [32m200 [0m2.832 ms - 15406[0m
